<?xml version="1.0" encoding="UTF-8"?>
<!-- Generated by org.testng.reporters.JUnitReportReporter -->
<testsuite hostname="BiLap56-PC" failures="0" tests="1" name="forgetPassword.ForgetPasswordTest" time="24.921" errors="0" timestamp="2024-05-09T00:05:24 EEST" skipped="0">
  <testcase classname="forgetPassword.ForgetPasswordTest" name="testForgetPassword" time="24.921"/>
</testsuite> <!-- forgetPassword.ForgetPasswordTest -->
