<?xml version="1.0" encoding="UTF-8"?>
<!-- Generated by org.testng.reporters.JUnitReportReporter -->
<testsuite hostname="BiLap56-PC" failures="0" tests="3" name="loginTests.TestLogin" time="7.498" errors="0" timestamp="2024-05-09T00:05:24 EEST" skipped="0">
  <testcase classname="loginTests.TestLogin" name="testLoginValidCredentials" time="4.671"/>
  <testcase classname="loginTests.TestLogin" name="testInvalidUsername" time="1.431"/>
  <testcase classname="loginTests.TestLogin" name="testInvalidPassword" time="1.396"/>
</testsuite> <!-- loginTests.TestLogin -->
